<?xml version="1.0" encoding="UTF-8"?>
<!-- Generated by org.testng.reporters.JUnitXMLReporter -->
<testsuite ignored="0" hostname="Chalapthi143bi" failures="1" tests="1" name="Surefire test" time="26.44" errors="0" timestamp="2024-05-23T18:39:36 IST">
  <testcase classname="driverFactory.AppTest" name="kickStart" time="26.331">
    <failure type="java.lang.NullPointerException" message="Cannot invoke &amp;quot;org.apache.poi.xssf.usermodel.XSSFCell.getCellType()&amp;quot; because the return value of &amp;quot;org.apache.poi.xssf.usermodel.XSSFRow.getCell(int)&amp;quot; is null">
      <![CDATA[java.lang.NullPointerException: Cannot invoke "org.apache.poi.xssf.usermodel.XSSFCell.getCellType()" because the return value of "org.apache.poi.xssf.usermodel.XSSFRow.getCell(int)" is null
at utilities.ExcleFileUtil.getCellData(ExcleFileUtil.java:33)
at driverFactory.DriverScript.startTest(DriverScript.java:44)
at driverFactory.AppTest.kickStart(AppTest.java:10)
at java.base/java.util.ArrayList.forEach(ArrayList.java:1596)
... Removed 30 stack frames]]>
    </failure>
  </testcase> <!-- kickStart -->
</testsuite> <!-- Surefire test -->
